Started GET "/" for ::1 at 2019-05-02 11:00:43 -0300
  
PG::ConnectionBad (FATAL:  banco de dados "bilheteriadigital_development" não existe
):
  
pg (1.1.4) lib/pg.rb:56:in `initialize'
pg (1.1.4) lib/pg.rb:56:in `new'
pg (1.1.4) lib/pg.rb:56:in `connect'
activerecord (5.2.3) lib/active_record/connection_adapters/postgresql_adapter.rb:692:in `connect'
activerecord (5.2.3) lib/active_record/connection_adapters/postgresql_adapter.rb:223:in `initialize'
activerecord (5.2.3) lib/active_record/connection_adapters/postgresql_adapter.rb:48:in `new'
activerecord (5.2.3) lib/active_record/connection_adapters/postgresql_adapter.rb:48:in `postgresql_connection'
activerecord (5.2.3) lib/active_record/connection_adapters/abstract/connection_pool.rb:811:in `new_connection'
activerecord (5.2.3) lib/active_record/connection_adapters/abstract/connection_pool.rb:855:in `checkout_new_connection'
activerecord (5.2.3) lib/active_record/connection_adapters/abstract/connection_pool.rb:834:in `try_to_checkout_new_connection'
activerecord (5.2.3) lib/active_record/connection_adapters/abstract/connection_pool.rb:795:in `acquire_connection'
activerecord (5.2.3) lib/active_record/connection_adapters/abstract/connection_pool.rb:523:in `checkout'
activerecord (5.2.3) lib/active_record/connection_adapters/abstract/connection_pool.rb:382:in `connection'
activerecord (5.2.3) lib/active_record/connection_adapters/abstract/connection_pool.rb:1014:in `retrieve_connection'
activerecord (5.2.3) lib/active_record/connection_handling.rb:118:in `retrieve_connection'
activerecord (5.2.3) lib/active_record/connection_handling.rb:90:in `connection'
activerecord (5.2.3) lib/active_record/migration.rb:554:in `call'
actionpack (5.2.3) lib/action_dispatch/middleware/callbacks.rb:28:in `block in call'
activesupport (5.2.3) lib/active_support/callbacks.rb:98:in `run_callbacks'
actionpack (5.2.3) lib/action_dispatch/middleware/callbacks.rb:26:in `call'
actionpack (5.2.3) lib/action_dispatch/middleware/executor.rb:14:in `call'
actionpack (5.2.3) lib/action_dispatch/middleware/debug_exceptions.rb:61:in `call'
web-console (3.7.0) lib/web_console/middleware.rb:135:in `call_app'
web-console (3.7.0) lib/web_console/middleware.rb:30:in `block in call'
web-console (3.7.0) lib/web_console/middleware.rb:20:in `catch'
web-console (3.7.0) lib/web_console/middleware.rb:20:in `call'
actionpack (5.2.3) lib/action_dispatch/middleware/show_exceptions.rb:33:in `call'
railties (5.2.3) lib/rails/rack/logger.rb:38:in `call_app'
railties (5.2.3) lib/rails/rack/logger.rb:26:in `block in call'
activesupport (5.2.3) lib/active_support/tagged_logging.rb:71:in `block in tagged'
activesupport (5.2.3) lib/active_support/tagged_logging.rb:28:in `tagged'
activesupport (5.2.3) lib/active_support/tagged_logging.rb:71:in `tagged'
railties (5.2.3) lib/rails/rack/logger.rb:26:in `call'
sprockets-rails (3.2.1) lib/sprockets/rails/quiet_assets.rb:13:in `call'
actionpack (5.2.3) lib/action_dispatch/middleware/remote_ip.rb:81:in `call'
actionpack (5.2.3) lib/action_dispatch/middleware/request_id.rb:27:in `call'
rack (2.0.7) lib/rack/method_override.rb:22:in `call'
rack (2.0.7) lib/rack/runtime.rb:22:in `call'
activesupport (5.2.3) lib/active_support/cache/strategy/local_cache_middleware.rb:29:in `call'
actionpack (5.2.3) lib/action_dispatch/middleware/executor.rb:14:in `call'
actionpack (5.2.3) lib/action_dispatch/middleware/static.rb:127:in `call'
rack (2.0.7) lib/rack/sendfile.rb:111:in `call'
railties (5.2.3) lib/rails/engine.rb:524:in `call'
puma (3.12.1) lib/puma/configuration.rb:227:in `call'
puma (3.12.1) lib/puma/server.rb:660:in `handle_request'
puma (3.12.1) lib/puma/server.rb:474:in `process_client'
puma (3.12.1) lib/puma/server.rb:334:in `block in run'
puma (3.12.1) lib/puma/thread_pool.rb:135:in `block in spawn_thread'
  [1m[35m (1362.6ms)[0m  [1m[35mCREATE DATABASE "bilheteriadigital_development" ENCODING = 'unicode'[0m
  ↳ bin/rails:9
  [1m[35m (703.6ms)[0m  [1m[35mCREATE DATABASE "bilheteriadigital_test" ENCODING = 'unicode'[0m
  ↳ bin/rails:9
  [1m[35m (0.5ms)[0m  [1m[35mCREATE DATABASE "bilheteriadigital_development" ENCODING = 'unicode'[0m
  ↳ bin/rails:9
  [1m[35m (0.4ms)[0m  [1m[35mCREATE DATABASE "bilheteriadigital_test" ENCODING = 'unicode'[0m
  ↳ bin/rails:9
  [1m[35m (166.9ms)[0m  [1m[35mCREATE TABLE "schema_migrations" ("version" character varying NOT NULL PRIMARY KEY)[0m
  ↳ bin/rails:9
  [1m[35m (173.7ms)[0m  [1m[35mCREATE TABLE "ar_internal_metadata" ("key" character varying NOT NULL PRIMARY KEY, "value" character varying, "created_at" timestamp NOT NULL, "updated_at" timestamp NOT NULL)[0m
  ↳ bin/rails:9
  [1m[35m (0.4ms)[0m  [1m[34mSELECT pg_try_advisory_lock(494932524804373425)[0m
  ↳ bin/rails:9
  [1m[35m (0.5ms)[0m  [1m[34mSELECT "schema_migrations"."version" FROM "schema_migrations" ORDER BY "schema_migrations"."version" ASC[0m
  ↳ bin/rails:9
Migrating to DeviseCreateUsers (20190502140107)
  [1m[35m (0.1ms)[0m  [1m[35mBEGIN[0m
  ↳ bin/rails:9
  [1m[35m (117.8ms)[0m  [1m[35mCREATE TABLE "users" ("id" bigserial primary key, "email" character varying DEFAULT '' NOT NULL, "encrypted_password" character varying DEFAULT '' NOT NULL, "reset_password_token" character varying, "reset_password_sent_at" timestamp, "remember_created_at" timestamp, "created_at" timestamp NOT NULL, "updated_at" timestamp NOT NULL)[0m
  ↳ db/migrate/20190502140107_devise_create_users.rb:5
  [1m[35m (32.1ms)[0m  [1m[35mCREATE UNIQUE INDEX  "index_users_on_email" ON "users"  ("email")[0m
  ↳ db/migrate/20190502140107_devise_create_users.rb:39
  [1m[35m (40.8ms)[0m  [1m[35mCREATE UNIQUE INDEX  "index_users_on_reset_password_token" ON "users"  ("reset_password_token")[0m
  ↳ db/migrate/20190502140107_devise_create_users.rb:40
  [1m[36mActiveRecord::SchemaMigration Create (0.4ms)[0m  [1m[32mINSERT INTO "schema_migrations" ("version") VALUES ($1) RETURNING "version"[0m  [["version", "20190502140107"]]
  ↳ bin/rails:9
  [1m[35m (29.1ms)[0m  [1m[35mCOMMIT[0m
  ↳ bin/rails:9
Migrating to CreateCreditCards (20190502141303)
  [1m[35m (0.3ms)[0m  [1m[35mBEGIN[0m
  ↳ bin/rails:9
  [1m[35m (0.2ms)[0m  [1m[31mROLLBACK[0m
  ↳ bin/rails:9
  [1m[35m (0.5ms)[0m  [1m[34mSELECT pg_advisory_unlock(494932524804373425)[0m
  ↳ bin/rails:9
  [1m[35m (0.1ms)[0m  [1m[34mSELECT pg_try_advisory_lock(494932524804373425)[0m
  ↳ bin/rails:9
  [1m[35m (0.5ms)[0m  [1m[34mSELECT "schema_migrations"."version" FROM "schema_migrations" ORDER BY "schema_migrations"."version" ASC[0m
  ↳ bin/rails:9
Migrating to CreateCreditCards (20190502141419)
  [1m[35m (0.1ms)[0m  [1m[35mBEGIN[0m
  ↳ bin/rails:9
  [1m[35m (210.4ms)[0m  [1m[35mCREATE TABLE "credit_cards" ("id" bigserial primary key, "number" character varying, "sec_code" integer, "due_date" character varying, "user_id" bigint, "created_at" timestamp NOT NULL, "updated_at" timestamp NOT NULL, CONSTRAINT "fk_rails_069bf994f3"
FOREIGN KEY ("user_id")
  REFERENCES "users" ("id")
)[0m
  ↳ db/migrate/20190502141419_create_credit_cards.rb:3
  [1m[35m (69.7ms)[0m  [1m[35mCREATE  INDEX  "index_credit_cards_on_user_id" ON "credit_cards"  ("user_id")[0m
  ↳ db/migrate/20190502141419_create_credit_cards.rb:3
  [1m[36mActiveRecord::SchemaMigration Create (0.3ms)[0m  [1m[32mINSERT INTO "schema_migrations" ("version") VALUES ($1) RETURNING "version"[0m  [["version", "20190502141419"]]
  ↳ bin/rails:9
  [1m[35m (21.2ms)[0m  [1m[35mCOMMIT[0m
  ↳ bin/rails:9
  [1m[36mActiveRecord::InternalMetadata Load (0.4ms)[0m  [1m[34mSELECT  "ar_internal_metadata".* FROM "ar_internal_metadata" WHERE "ar_internal_metadata"."key" = $1 LIMIT $2[0m  [["key", "environment"], ["LIMIT", 1]]
  ↳ bin/rails:9
  [1m[35m (0.1ms)[0m  [1m[35mBEGIN[0m
  ↳ bin/rails:9
  [1m[36mActiveRecord::InternalMetadata Create (0.5ms)[0m  [1m[32mINSERT INTO "ar_internal_metadata" ("key", "value", "created_at", "updated_at") VALUES ($1, $2, $3, $4) RETURNING "key"[0m  [["key", "environment"], ["value", "development"], ["created_at", "2019-05-02 14:14:28.806140"], ["updated_at", "2019-05-02 14:14:28.806140"]]
  ↳ bin/rails:9
  [1m[35m (8.7ms)[0m  [1m[35mCOMMIT[0m
  ↳ bin/rails:9
  [1m[35m (0.3ms)[0m  [1m[34mSELECT pg_advisory_unlock(494932524804373425)[0m
  ↳ bin/rails:9
  [1m[35m (1.0ms)[0m  [1m[34mSELECT "schema_migrations"."version" FROM "schema_migrations" ORDER BY "schema_migrations"."version" ASC[0m
  ↳ bin/rails:9
Started GET "/" for ::1 at 2019-05-02 11:14:43 -0300
  [1m[35m (0.6ms)[0m  [1m[34mSELECT "schema_migrations"."version" FROM "schema_migrations" ORDER BY "schema_migrations"."version" ASC[0m
  ↳ /home/ahmoura/.rvm/gems/ruby-2.5.1/gems/activerecord-5.2.3/lib/active_record/log_subscriber.rb:98
Processing by Rails::WelcomeController#index as HTML
  Rendering /home/ahmoura/.rvm/gems/ruby-2.5.1/gems/railties-5.2.3/lib/rails/templates/rails/welcome/index.html.erb
  Rendered /home/ahmoura/.rvm/gems/ruby-2.5.1/gems/railties-5.2.3/lib/rails/templates/rails/welcome/index.html.erb (4.1ms)
Completed 200 OK in 18ms (Views: 9.4ms | ActiveRecord: 0.0ms)


Started GET "/rails/info/routes" for ::1 at 2019-05-02 11:14:52 -0300
Processing by Rails::InfoController#routes as HTML
  Rendering /home/ahmoura/.rvm/gems/ruby-2.5.1/gems/railties-5.2.3/lib/rails/templates/rails/info/routes.html.erb within layouts/application
  Rendered collection of /home/ahmoura/.rvm/gems/ruby-2.5.1/gems/actionpack-5.2.3/lib/action_dispatch/middleware/templates/routes/_route.html.erb [28 times] (11.4ms)
  Rendered /home/ahmoura/.rvm/gems/ruby-2.5.1/gems/actionpack-5.2.3/lib/action_dispatch/middleware/templates/routes/_table.html.erb (5.1ms)
  Rendered /home/ahmoura/.rvm/gems/ruby-2.5.1/gems/railties-5.2.3/lib/rails/templates/rails/info/routes.html.erb within layouts/application (22.4ms)
Completed 200 OK in 29ms (Views: 26.4ms | ActiveRecord: 0.0ms)


Started GET "/credit_cards" for ::1 at 2019-05-02 11:15:03 -0300
Processing by CreditCardsController#index as HTML
  Rendering credit_cards/index.html.erb within layouts/application
  [1m[36mCreditCard Load (0.5ms)[0m  [1m[34mSELECT "credit_cards".* FROM "credit_cards"[0m
  ↳ app/views/credit_cards/index.html.erb:17
  Rendered credit_cards/index.html.erb within layouts/application (3.9ms)
Completed 200 OK in 4722ms (Views: 4712.2ms | ActiveRecord: 1.7ms)


Started GET "/credit_cards/new" for ::1 at 2019-05-02 11:15:11 -0300
Processing by CreditCardsController#new as HTML
  Rendering credit_cards/new.html.erb within layouts/application
  [1m[36mUser Load (0.7ms)[0m  [1m[34mSELECT "users".* FROM "users"[0m
  ↳ app/views/credit_cards/_form.html.erb:10
  Rendered credit_cards/_form.html.erb (120.8ms)
  Rendered credit_cards/new.html.erb within layouts/application (122.4ms)
Completed 200 OK in 196ms (Views: 175.6ms | ActiveRecord: 6.0ms)


Started GET "/credit_cards/new" for ::1 at 2019-05-02 11:16:17 -0300
Processing by CreditCardsController#new as HTML
  Rendering credit_cards/new.html.erb within layouts/application
  [1m[36mUser Load (0.4ms)[0m  [1m[34mSELECT "users".* FROM "users"[0m
  ↳ app/views/credit_cards/_form.html.erb:10
  Rendered credit_cards/_form.html.erb (14.1ms)
  Rendered credit_cards/new.html.erb within layouts/application (15.6ms)
Completed 200 OK in 100ms (Views: 98.2ms | ActiveRecord: 0.4ms)


Started GET "/credit_cards/new" for ::1 at 2019-05-02 11:17:36 -0300
Processing by CreditCardsController#new as HTML
  Rendering credit_cards/new.html.erb within layouts/application
  [1m[36mUser Load (0.3ms)[0m  [1m[34mSELECT "users".* FROM "users"[0m
  ↳ app/views/credit_cards/_form.html.erb:10
  Rendered credit_cards/_form.html.erb (15.5ms)
  Rendered credit_cards/new.html.erb within layouts/application (16.8ms)
Completed 200 OK in 105ms (Views: 88.5ms | ActiveRecord: 4.3ms)


Started GET "/credit_cards/new" for ::1 at 2019-05-02 11:17:36 -0300
Processing by CreditCardsController#new as HTML
  Rendering credit_cards/new.html.erb within layouts/application
  [1m[36mUser Load (0.3ms)[0m  [1m[34mSELECT "users".* FROM "users"[0m
  ↳ app/views/credit_cards/_form.html.erb:10
  Rendered credit_cards/_form.html.erb (13.0ms)
  Rendered credit_cards/new.html.erb within layouts/application (16.4ms)
Completed 200 OK in 99ms (Views: 96.5ms | ActiveRecord: 0.3ms)


Started POST "/credit_cards" for ::1 at 2019-05-02 11:17:39 -0300
Processing by CreditCardsController#create as HTML
  Parameters: {"utf8"=>"✓", "authenticity_token"=>"yyLEXunPMxfQNRbAIy3a0FhH1dXBJnE85SYf1TgmFKAPekZTvOmzPM2CysmdCixyYVFjdjsOBfvICvU4Dun83w==", "credit_card"=>{"number"=>"vcvxcv", "sec_code"=>"", "due_date"=>"", "user_id"=>""}, "commit"=>"Create Credit card"}
  [1m[35m (0.2ms)[0m  [1m[35mBEGIN[0m
  ↳ app/controllers/credit_cards_controller.rb:30
  [1m[35m (0.2ms)[0m  [1m[31mROLLBACK[0m
  ↳ app/controllers/credit_cards_controller.rb:30
  Rendering credit_cards/new.html.erb within layouts/application
  [1m[36mUser Load (0.3ms)[0m  [1m[34mSELECT "users".* FROM "users"[0m
  ↳ app/views/credit_cards/_form.html.erb:10
  Rendered credit_cards/_form.html.erb (13.7ms)
  Rendered credit_cards/new.html.erb within layouts/application (15.4ms)
Completed 200 OK in 104ms (Views: 94.0ms | ActiveRecord: 0.7ms)


Started POST "/credit_cards" for ::1 at 2019-05-02 11:17:44 -0300
Processing by CreditCardsController#create as HTML
  Parameters: {"utf8"=>"✓", "authenticity_token"=>"N0q6VejCwWuovBDSIgY5YpUNr1mEXUzSc0RWdmwCAUbzEjhYveRBQLULzNucIc/ArBsZ+n51OBVeaLybWs3pOQ==", "credit_card"=>{"number"=>"", "sec_code"=>"", "due_date"=>"", "user_id"=>""}, "commit"=>"Create Credit card"}
  [1m[35m (0.2ms)[0m  [1m[35mBEGIN[0m
  ↳ app/controllers/credit_cards_controller.rb:30
  [1m[35m (0.2ms)[0m  [1m[31mROLLBACK[0m
  ↳ app/controllers/credit_cards_controller.rb:30
  Rendering credit_cards/new.html.erb within layouts/application
  [1m[36mUser Load (0.4ms)[0m  [1m[34mSELECT "users".* FROM "users"[0m
  ↳ app/views/credit_cards/_form.html.erb:10
  Rendered credit_cards/_form.html.erb (25.0ms)
  Rendered credit_cards/new.html.erb within layouts/application (26.6ms)
Completed 200 OK in 110ms (Views: 104.6ms | ActiveRecord: 0.7ms)


Started POST "/credit_cards" for ::1 at 2019-05-02 11:17:45 -0300
Processing by CreditCardsController#create as HTML
  Parameters: {"utf8"=>"✓", "authenticity_token"=>"D/+MwQar8lOc9AZFq5ozh8AkKLqPBHK9NJmQ9Xf9CnfLpw7MU41yeIFD2kwVvcUl+TKeGXUsBnoZtXoYQTLiCA==", "credit_card"=>{"number"=>"", "sec_code"=>"", "due_date"=>"", "user_id"=>""}, "commit"=>"Create Credit card"}
  [1m[35m (0.2ms)[0m  [1m[35mBEGIN[0m
  ↳ app/controllers/credit_cards_controller.rb:30
  [1m[35m (0.2ms)[0m  [1m[31mROLLBACK[0m
  ↳ app/controllers/credit_cards_controller.rb:30
  Rendering credit_cards/new.html.erb within layouts/application
  [1m[36mUser Load (0.3ms)[0m  [1m[34mSELECT "users".* FROM "users"[0m
  ↳ app/views/credit_cards/_form.html.erb:10
  Rendered credit_cards/_form.html.erb (12.8ms)
  Rendered credit_cards/new.html.erb within layouts/application (16.0ms)
Completed 200 OK in 105ms (Views: 101.6ms | ActiveRecord: 0.6ms)


Started POST "/credit_cards" for ::1 at 2019-05-02 11:17:52 -0300
Processing by CreditCardsController#create as HTML
  Parameters: {"utf8"=>"✓", "authenticity_token"=>"WoetfVA2AYCGDTahk+juasxz+KM9P46R62EDoz9sRcKe3y9wBRCBq5u66qgtzxjI9WVOAMcX+lbGTelOCaOtvQ==", "credit_card"=>{"number"=>"", "sec_code"=>"", "due_date"=>"", "user_id"=>""}, "commit"=>"Create Credit card"}
  [1m[35m (0.3ms)[0m  [1m[35mBEGIN[0m
  ↳ app/controllers/credit_cards_controller.rb:30
  [1m[35m (0.2ms)[0m  [1m[31mROLLBACK[0m
  ↳ app/controllers/credit_cards_controller.rb:30
  Rendering credit_cards/new.html.erb within layouts/application
  [1m[36mUser Load (0.4ms)[0m  [1m[34mSELECT "users".* FROM "users"[0m
  ↳ app/views/credit_cards/_form.html.erb:10
  Rendered credit_cards/_form.html.erb (18.5ms)
  Rendered credit_cards/new.html.erb within layouts/application (20.7ms)
Completed 200 OK in 108ms (Views: 101.9ms | ActiveRecord: 0.9ms)


Started GET "/credit_cards" for ::1 at 2019-05-02 11:18:34 -0300
Processing by CreditCardsController#index as HTML
  Rendering credit_cards/index.html.erb within layouts/application
  [1m[36mCreditCard Load (0.4ms)[0m  [1m[34mSELECT "credit_cards".* FROM "credit_cards"[0m
  ↳ app/views/credit_cards/index.html.erb:17
  Rendered credit_cards/index.html.erb within layouts/application (3.6ms)
Completed 200 OK in 82ms (Views: 77.5ms | ActiveRecord: 1.5ms)


Started GET "/credit_cards/new" for ::1 at 2019-05-02 11:18:36 -0300
Processing by CreditCardsController#new as HTML
  Rendering credit_cards/new.html.erb within layouts/application
  [1m[36mUser Load (0.3ms)[0m  [1m[34mSELECT "users".* FROM "users"[0m
  ↳ app/views/credit_cards/_form.html.erb:10
  Rendered credit_cards/_form.html.erb (13.5ms)
  Rendered credit_cards/new.html.erb within layouts/application (17.2ms)
Completed 200 OK in 97ms (Views: 83.9ms | ActiveRecord: 4.7ms)


Started POST "/credit_cards" for ::1 at 2019-05-02 11:18:38 -0300
Processing by CreditCardsController#create as HTML
  Parameters: {"utf8"=>"✓", "authenticity_token"=>"MnbDuyz9Uh9Lm2EOZppR/E8g3QtUGXV43F5mP6KSzumuy5AOZdy+iukyf5kjpkL798VIZ2jzOHz7hNXU+wpI0Q==", "credit_card"=>{"number"=>"", "sec_code"=>"", "due_date"=>"", "user_id"=>""}, "commit"=>"Create Credit card"}
  [1m[35m (0.2ms)[0m  [1m[35mBEGIN[0m
  ↳ app/controllers/credit_cards_controller.rb:30
  [1m[35m (0.2ms)[0m  [1m[31mROLLBACK[0m
  ↳ app/controllers/credit_cards_controller.rb:30
  Rendering credit_cards/new.html.erb within layouts/application
  [1m[36mUser Load (0.3ms)[0m  [1m[34mSELECT "users".* FROM "users"[0m
  ↳ app/views/credit_cards/_form.html.erb:10
  Rendered credit_cards/_form.html.erb (28.0ms)
  Rendered credit_cards/new.html.erb within layouts/application (30.3ms)
Completed 200 OK in 108ms (Views: 103.5ms | ActiveRecord: 0.6ms)


Started GET "/credit_cards" for ::1 at 2019-05-02 11:19:12 -0300
Processing by CreditCardsController#index as HTML
Completed 500 Internal Server Error in 1ms (ActiveRecord: 0.0ms)


  
SyntaxError (/home/ahmoura/Documentos/UnB/8º Período/ES - Engenharia de Software/ES-2019-1/bilheteriadigital/app/models/credit_card.rb:4: syntax error, unexpected '{', expecting keyword_end
...dates :number, presence: true {message: "KANT BE BLANCKED"}
...                              ^
/home/ahmoura/Documentos/UnB/8º Período/ES - Engenharia de Software/ES-2019-1/bilheteriadigital/app/models/credit_card.rb:4: syntax error, unexpected '}', expecting keyword_end
...e {message: "KANT BE BLANCKED"}
...                              ^):
  
app/models/credit_card.rb:4: syntax error, unexpected '{', expecting keyword_end
app/models/credit_card.rb:4: syntax error, unexpected '}', expecting keyword_end
app/controllers/credit_cards_controller.rb:7:in `index'
Started GET "/credit_cards" for ::1 at 2019-05-02 11:20:21 -0300
Processing by CreditCardsController#index as HTML
  Rendering credit_cards/index.html.erb within layouts/application
  [1m[36mCreditCard Load (0.3ms)[0m  [1m[34mSELECT "credit_cards".* FROM "credit_cards"[0m
  ↳ app/views/credit_cards/index.html.erb:17
  Rendered credit_cards/index.html.erb within layouts/application (3.4ms)
Completed 200 OK in 80ms (Views: 75.8ms | ActiveRecord: 1.4ms)


Started GET "/credit_cards/new" for ::1 at 2019-05-02 11:20:24 -0300
Processing by CreditCardsController#new as HTML
  Rendering credit_cards/new.html.erb within layouts/application
  [1m[36mUser Load (0.6ms)[0m  [1m[34mSELECT "users".* FROM "users"[0m
  ↳ app/views/credit_cards/_form.html.erb:10
  Rendered credit_cards/_form.html.erb (15.2ms)
  Rendered credit_cards/new.html.erb within layouts/application (16.4ms)
Completed 200 OK in 95ms (Views: 79.0ms | ActiveRecord: 5.0ms)


Started POST "/credit_cards" for ::1 at 2019-05-02 11:20:25 -0300
Processing by CreditCardsController#create as HTML
  Parameters: {"utf8"=>"✓", "authenticity_token"=>"NEaUJVLfNnpv/lcQoc7D8MbT336Rf92Wba+TK1olaMSo+8eQG/7a781XSYfk8tD3fjZKEq2VkJJKdSDAA73u/A==", "credit_card"=>{"number"=>"", "sec_code"=>"", "due_date"=>"", "user_id"=>""}, "commit"=>"Create Credit card"}
  [1m[35m (0.7ms)[0m  [1m[35mBEGIN[0m
  ↳ app/controllers/credit_cards_controller.rb:30
  [1m[35m (1.1ms)[0m  [1m[31mROLLBACK[0m
  ↳ app/controllers/credit_cards_controller.rb:30
  Rendering credit_cards/new.html.erb within layouts/application
  [1m[36mUser Load (0.3ms)[0m  [1m[34mSELECT "users".* FROM "users"[0m
  ↳ app/views/credit_cards/_form.html.erb:10
  Rendered credit_cards/_form.html.erb (21.8ms)
  Rendered credit_cards/new.html.erb within layouts/application (24.3ms)
Completed 200 OK in 115ms (Views: 105.5ms | ActiveRecord: 2.1ms)


Started GET "/credit_cards" for ::1 at 2019-05-02 11:20:49 -0300
Processing by CreditCardsController#index as HTML
  Rendering credit_cards/index.html.erb within layouts/application
  [1m[36mCreditCard Load (0.4ms)[0m  [1m[34mSELECT "credit_cards".* FROM "credit_cards"[0m
  ↳ app/views/credit_cards/index.html.erb:17
  Rendered credit_cards/index.html.erb within layouts/application (5.7ms)
Completed 200 OK in 86ms (Views: 80.0ms | ActiveRecord: 2.6ms)


